leiden_reported_variant	location	type	raw_allele_frequency	deduced_new_base	deduced_allele_frequency	band	reported_pathogenicity	exon	var_pub_as	rna_change	protein_change	db_id	variant_remarks	polyphen	genet_ori	reference	template	technique	frequency	re_site
NM_000252.2:c.-164C>T	X:149736959	snp	-	-	No ExAC data for variant	NA	No known pathogenicity	1	-	r.(=)	p.(=)	MTM1_00223	-	-	germline (inherited)	http://www.ncbi.nlm.nih.gov/pubmed/09781038	DNA	SEQ	-	-
NM_000252.2:c.1A>G	X:149761077	snp	-	-	No ExAC data for variant	NA	Pathogenic	2	p.Met1?	r.(?)	p.0?	MTM1_00006	-	-	germline (inherited)	http://www.ncbi.nlm.nih.gov/pubmed/12522554	DNA	SEQ, SSCA	-	-
NM_000252.2:c.2T>A	X:149761078	snp	-	-	No ExAC data for variant	NA	Pathogenic	2	p.Met1?	r.(?)	p.0?	MTM1_00253	de novo, in mother	-	germline (inherited)	-	DNA	SEQ	-	-
NM_000252.2:c.2T>G	X:149761078	snp	-	-	No ExAC data for variant	NA	Pathogenic	2	p.Met1?	r.(?)	p.0?	MTM1_00007	-	-	germline (inherited)	http://www.ncbi.nlm.nih.gov/pubmed/09931531,http://www.ncbi.nlm.nih.gov/pubmed/11793470	DNA	SEQ	-	-
NM_000252.2:c.19delT	X:149761094	del	-	-	No ExAC data for variant	NA	Pathogenic	2	-	r.(?)	p.(Ser7Leufs*37)	MTM1_00284	-	-	unknown	http://genetics.emory.edu/egl/emvclass/emvclass.php	DNA	SEQ	-	-
NM_000252.2:c.27T>A	X:149761103	snp	-	-	No ExAC data for variant	NA	Pathogenic	2	-	r.(?)	p.(Tyr9*)	MTM1_00008	-	-	germline (inherited)	http://www.ncbi.nlm.nih.gov/pubmed/12522554	DNA	SEQ, SSCA	-	-
NM_000252.2:c.27T>G	X:149761103	snp	-	-	No ExAC data for variant	NA	Pathogenic	2	-	r.(?)	p.(Tyr9*)	MTM1_00285	-	-	unknown	http://genetics.emory.edu/egl/emvclass/emvclass.php	DNA	SEQ	-	-
NM_000252.2:c.32C>A	X:149761108	snp	T:2.283e-05	A	No relevant ExAC data	NA	Pathogenic	2	-	r.(?)	p.(Ser11*)	MTM1_00257	-	-	de novo	-	DNA	SEQ	-	-
NM_000252.2:c.32C>G	X:149761108	snp	T:2.283e-05	G	No relevant ExAC data	NA	Pathogenic	2	-	r.(?)	p.(Ser11*)	MTM1_00009	-	-	germline (inherited)	http://www.ncbi.nlm.nih.gov/pubmed/10790201	?	?	-	-
NM_000252.2:c.48_49insA	X:149761124-149761125	ins	-	-	No ExAC data for variant	NA	Pathogenic	2	c.48-49insA	r.(?)	p.(Glu17Argfs*4)	MTM1_00011	-	-	germline (inherited)	http://www.ncbi.nlm.nih.gov/pubmed/12522554	DNA	SEQ, SSCA	-	-
NM_000252.2:c.49G>T	X:149761125	snp	-	-	No ExAC data for variant	NA	Pathogenic	2	G103T	r.(?)	p.(Glu17*)	MTM1_00010	-	-	germline (inherited)	http://www.ncbi.nlm.nih.gov/pubmed/09305655	DNA	SSCA, SEQ	-	-
NM_000252.2:c.58A>T	X:149761134	snp	-	-	No ExAC data for variant	NA	Pathogenic	2	-	r.(?)	p.(Lys20*)	MTM1_00286	-	-	unknown	http://genetics.emory.edu/egl/emvclass/emvclass.php	DNA	SEQ	-	-
NM_000252.2:c.63+1G>A	X:149761140	snp	-	-	No ExAC data for variant	NA	Pathogenic	2i	-	r.(spl?)	p.(?)	MTM1_00012	affects donor splice site	-	germline (inherited)	http://www.ncbi.nlm.nih.gov/pubmed/10790201	?	?	-	-
NM_000252.2:c.63+2T>C	X:149761141	snp	-	-	No ExAC data for variant	NA	Pathogenic	2i	-	r.1-10_63del	p.(?)	MTM1_00013	affects donor splice site	-	germline (inherited)	http://www.ncbi.nlm.nih.gov/pubmed/09931531,http://www.ncbi.nlm.nih.gov/pubmed/11793470	DNA+RNA	RT-PCR, SEQ	-	-
NM_000252.2:c.63+2T>G	X:149761141	snp	-	-	No ExAC data for variant	NA	Pathogenic	2i	-	r.(spl?)	p.(?)	MTM1_00014	affects donor splice site	-	germline (inherited)	http://www.ncbi.nlm.nih.gov/pubmed/12522554	DNA	SEQ, SSCA	-	-
NM_000252.2:c.63+834_1645-2104del	X:149761973-149837797	del	-	-	No ExAC data for variant	NA	Pathogenic	2i_14i	-	r.(?)	p.(Thr22_Gln548del)	MTM1_00016	75 kb deletion (exons 3-14); de novo, in patient	-	de novo	-	DNA	PCRlr, SEQ	-	-
NM_000252.2:c.64-50A>T	X:149764912	snp	T:0.001379,T:0.001379	T	0.001379000	2	Mixed reported pathogenicity	2i	-	r.(=)	p.(=)	MTM1_00021	-	-	germline (inherited)	http://www.ncbi.nlm.nih.gov/pubmed/09305655	DNA	SEQ	-	-
NM_000252.2:c.64-50_64-49del	X:149764912-149764913	del	-:0.002363,-:0.002363	-	0.002363000	2	Probably not pathogenic	2i	64-50_64-49delAG	r.(=)	p.(=)	MTM1_00213	-	-	germline (inherited)	http://www.ncbi.nlm.nih.gov/pubmed/09305655	DNA	SEQ	-	-
NM_000252.2:c.64-14T>C	X:149764948	snp	C:0.004953,C:0.004953	C	0.004953000	2	No known pathogenicity	2i	-	r.(=)	p.(=)	MTM1_00214	-	-	germline (inherited)	http://www.ncbi.nlm.nih.gov/pubmed/09305655	DNA	SEQ	-	-
NM_000252.2:c.64-2A>G	X:149764960	snp	-	-	No ExAC data for variant	NA	Pathogenic	2i	-	r.(spl?)	p.(?)	MTM1_00015	affects acceptor splice site	-	germline (inherited)	http://www.ncbi.nlm.nih.gov/pubmed/11793470	DNA	SEQ	-	-
NM_000252.2:c.70C>T	X:149764968	snp	-	-	No ExAC data for variant	NA	Pathogenic	3	C124T	r.(?)	p.(Arg24*)	MTM1_00017	-	-	germline (inherited)	http://www.ncbi.nlm.nih.gov/pubmed/09305655	DNA	SSCA, SEQ	-	-
NM_000252.2:c.85C>T	X:149764983	snp	-	-	No ExAC data for variant	NA	Pathogenic	3	C139T	r.(?)	p.(Arg29*)	MTM1_00018	de novo, in patient (maternal allele)	-	germline (inherited)	http://www.ncbi.nlm.nih.gov/pubmed/10063835	DNA	SEQ, SSCA	-	-
NM_000252.2:c.107delC	X:149765004	del	-	-	No ExAC data for variant	NA	Pathogenic	3	c.106delC	r.(?)	p.(Pro36Leufs*8)	MTM1_00019	-	-	germline (inherited)	http://www.ncbi.nlm.nih.gov/pubmed/11793470	DNA	SEQ	-	-
NM_000252.2:c.109C>T	X:149765007	snp	-	-	No ExAC data for variant	NA	Pathogenic	3	-	r.(?)	p.(Arg37*)	MTM1_00020	-	-	germline (inherited)	-	DNA	SEQ	-	-
NM_000252.2:c.122A>G	X:149765020	snp	-	-	No ExAC data for variant	NA	Unknown	3	-	r.(?)	p.(Glu41Gly)	MTM1_00287	conserved residue (up to C. elegans)	1.000	unknown	http://genetics.emory.edu/egl/emvclass/emvclass.php	DNA	SEQ	-	-
NM_000252.2:c.136+1G>A	X:149765035	snp	-	-	No ExAC data for variant	NA	Pathogenic	3i	-	r.(spl?)	p.(?)	MTM1_00022	affects donor splice site, genetic test performed in mother	-	germline (inherited)	http://www.ncbi.nlm.nih.gov/pubmed/10502779	DNA	SSCA, SEQ	-	-
NM_000252.2:c.136+1G>C	X:149765035	snp	-	-	No ExAC data for variant	NA	Pathogenic	3i	-	r.(spl?)	p.(?)	MTM1_00023	affects donor splice site	-	germline (inherited)	http://www.ncbi.nlm.nih.gov/pubmed/12522554	DNA	SEQ, SSCA	-	-
NM_000252.2:c.137-19_137-16del	X:149767036-149767039	del	-	-	No ExAC data for variant	NA	Pathogenic	3i	(191-19)delACTT	r.137_231del	p.Asp46Glyfs*7	MTM1_00024	de novo, in mother (grandpaternal allele)	-	germline (inherited)	http://www.ncbi.nlm.nih.gov/pubmed/10063835	DNA+RNA	RT-PCR, SSCA-HDA, SEQ	-	-
NM_000252.2:c.137-11dupT	X:149767038-149767039	dup	T:2.825e-05	T	0.000028250	4	Probably not pathogenic	3i	c.137-11insT	r.(=)	p.(=)	MTM1_00222	-	-	germline (inherited)	http://www.ncbi.nlm.nih.gov/pubmed/11793470	DNA	SEQ	-	-
NM_000252.2:c.137-11T>A	X:149767045	snp	-	-	No ExAC data for variant	NA	Pathogenic	3i	T(191-11)A	r.137_231del	p.Asp46Glyfs*7	MTM1_00025	affects acceptor splice site	-	germline (inherited)	http://www.ncbi.nlm.nih.gov/pubmed/10063835	DNA+RNA	RT-PCR, SSCA-HDA, SEQ	-	-
NM_000252.2:c.137-7T>G	X:149767049	snp	-	-	No ExAC data for variant	NA	Pathogenic	3i	-	r.137_231del	p.Asp46Glyfs*7	MTM1_00211	affects acceptor splice site	-	germline (inherited)	http://www.ncbi.nlm.nih.gov/pubmed/09931531,http://www.ncbi.nlm.nih.gov/pubmed/11793470	DNA+RNA	RT-PCR, SEQ	-	-
NM_000252.2:c.137-4A>G	X:149767052	snp	-	-	No ExAC data for variant	NA	Pathogenic	3i	-	r.(spl?)	p.(?)	MTM1_00027	affects acceptor splice site	-	germline (inherited)	http://www.ncbi.nlm.nih.gov/pubmed/15725586	DNA	SEQ	-	-
NM_000252.2:c.137-3T>A	X:149767053	snp	-	-	No ExAC data for variant	NA	Pathogenic	3i	T(191-3)A	r.(spl?)	p.(?)	MTM1_00028	affects acceptor splice site, genetic test performed in mother	-	germline (inherited)	http://www.ncbi.nlm.nih.gov/pubmed/10063835	DNA	SSCA-HDA, SEQ	-	-
NM_000252.2:c.137-3_137del	X:149767052-149767055	del	-	-	No ExAC data for variant	NA	Pathogenic	3i	(191-4)delATAG	r.(spl?)	p.(?)	MTM1_00026	affects acceptor splice site	-	germline (inherited)	http://www.ncbi.nlm.nih.gov/pubmed/09305655	DNA	SSCA, SEQ	-	-
NM_000252.2:c.137-2A>T	X:149767054	snp	-	-	No ExAC data for variant	NA	Pathogenic	3i	-	r.(spl?)	p.(?)	MTM1_00029	affects acceptor splice site	-	germline (inherited)	http://www.ncbi.nlm.nih.gov/pubmed/10502779	DNA	SSCA, SEQ	-	-
NM_000252.2:c.139_141del	X:149767058-149767060	del	-	-	No ExAC data for variant	NA	Pathogenic	4	193delAAA	r.(?)	p.(Lys47del)	MTM1_00037	conserved residue (yeast or C. elegans A/E -alignment ambiguous)	-	germline (inherited)	http://www.ncbi.nlm.nih.gov/pubmed/09305655	DNA	SSCA, SEQ	-	-
NM_000252.2:c.141_144del	X:149767058-149767061	del	-	-	No ExAC data for variant	NA	Pathogenic	4	D193-196 AAAG	r.(?)	p.(Glu48Leufs*24)	MTM1_00040	de novo, in patient (maternal allele)	-	germline (inherited)	http://www.ncbi.nlm.nih.gov/pubmed/09285787	DNA	SSCA, HA, SEQ	-	-
NM_000252.2:c.142dupG	X:149767060-149767061	dup	-	-	No ExAC data for variant	NA	Pathogenic	4	c.141-142insG	r.(?)	p.(Glu48Lysfs*13)	MTM1_00042	-	-	germline (inherited)	http://www.ncbi.nlm.nih.gov/pubmed/11793470	DNA	SEQ	-	-
NM_000252.2:c.142G>T	X:149767061	snp	-	-	No ExAC data for variant	NA	Pathogenic	4	-	r.(?)	p.(Glu48*)	MTM1_00030	de novo, in mother	-	germline (inherited)	-	DNA	SEQ	-	-
NM_000252.2:c.142_143delGA	X:149767060-149767061	del	-	-	No ExAC data for variant	NA	Pathogenic	4	c.141-142delAG	r.(?)	p.(Glu48Serfs*12)	MTM1_00039	-	-	germline (inherited)	http://www.ncbi.nlm.nih.gov/pubmed/12522554	DNA	SEQ, SSCA	-	-
NM_000252.2:c.145G>T	X:149767064	snp	-	-	No ExAC data for variant	NA	Pathogenic	4	-	r.(?)	p.(Val49Phe)	MTM1_00031	not in 100 control chromosomes; conserved residue (mouse, Drosophila, hMTMR1)	0.994	germline (inherited)	http://www.ncbi.nlm.nih.gov/pubmed/11793470	DNA	SEQ	-	-
NM_000252.2:c.181G>T	X:149767100	snp	-	-	No ExAC data for variant	NA	Pathogenic	4	-	r.(?)	p.(Gly61*)	MTM1_00043	-	-	germline (inherited)	http://www.ncbi.nlm.nih.gov/pubmed/11793470	DNA	SEQ	-	-
NM_000252.2:c.184A>T	X:149767103	snp	-	-	No ExAC data for variant	NA	Pathogenic	4	-	r.(?)	p.(Arg62*)	MTM1_00032	-	-	germline (inherited)	http://www.ncbi.nlm.nih.gov/pubmed/15725586	DNA	SEQ	-	-
NM_000252.2:c.202T>G	X:149767121	snp	-	-	No ExAC data for variant	NA	Pathogenic	4	-	r.(?)	p.(Tyr68Asp)	MTM1_00044	conserved residue (hMTMR2, S. pombe, Drosophila, C. elegans)	1.000	germline (inherited)	http://www.ncbi.nlm.nih.gov/pubmed/12522554	DNA	SEQ, SSCA	-	-
NM_000252.2:c.205C>A	X:149767124	snp	-	-	No ExAC data for variant	NA	Pathogenic	4	-	r.(?)	p.(Arg69Ser)	MTM1_00045	conserved residue (hMTMR2, Drosophila, C. elegans)	0.982	germline (inherited)	http://www.ncbi.nlm.nih.gov/pubmed/12522554	DNA	SEQ, SSCA	-	-
NM_000252.2:c.205C>T	X:149767124	snp	-	-	No ExAC data for variant	NA	Pathogenic	4	-	r.(?)	p.(Arg69Cys)	MTM1_00033	not conserved at lower eukaryotes; alters charge of the aminoacid	0.996	germline (inherited)	http://www.ncbi.nlm.nih.gov/pubmed/09305655,http://www.omim.org/entry/300415#0003	DNA	SEQ, SSCA	-	-
NM_000252.2:c.205_206delinsAACT	X:149767124-149767125	delins	-	-	No ExAC data for variant	NA	Pathogenic	4	-	r.(?)	p.(Arg69Asnfs*5)	MTM1_00232	-	-	germline (inherited)	http://www.ncbi.nlm.nih.gov/pubmed/19084976	DNA	SEQ	-	-
NM_000252.2:c.206G>C	X:149767125	snp	A:2.399e-05	C	No relevant ExAC data	NA	Pathogenic	4	-	r.(?)	p.(Arg69Pro)	MTM1_00034	Not conserved at lower eukaryotes	0.995	germline (inherited)	http://www.ncbi.nlm.nih.gov/pubmed/12522554	DNA	SEQ, SSCA	-	-
NM_000252.2:c.208C>T	X:149767127	snp	-	-	No ExAC data for variant	NA	Pathogenic	4	C262T	r.(?)	p.(Leu70Phe)	MTM1_00035	not in 40 control chromosomes; conserved residue (yeast)	0.998	germline (inherited)	http://www.ncbi.nlm.nih.gov/pubmed/09305655,http://www.ncbi.nlm.nih.gov/pubmed/10726846,http://www.ncbi.nlm.nih.gov/pubmed/10790201	DNA	SEQ, SSCA	-	-
NM_000252.2:c.213_216delTTTA	X:149767128-149767131	del	-	-	No ExAC data for variant	NA	Pathogenic	4	266delATTT	r.(?)	p.(Tyr71*)	MTM1_00046	Grandmaternal mosaicism, Genetic test performed in mother	-	germline (inherited)	http://www.ncbi.nlm.nih.gov/pubmed/09305655	DNA	SSCA, SEQ	-	-
NM_000252.2:c.230delC	X:149767149	del	T:2.507e-05	T	0.000025070	4	Pathogenic	4	-	r.(?)	p.(Thr77Argfs*5)	MTM1_00047	-	-	germline (inherited)	http://www.ncbi.nlm.nih.gov/pubmed/12522554	DNA	SEQ, SSCA	-	-
NM_000252.2:c.231+1G>T	X:149767151	snp	-	-	No ExAC data for variant	NA	Pathogenic	4i	-	r.(spl?)	p.(?)	MTM1_00250	affects donor splice site	-	germline (inherited)	-	DNA	SEQ	-	-
NM_000252.2:c.232-28C>T	X:149783034	snp	T:0.01946,T:0.01946	T	0.019460000	1	Probably not pathogenic	4i	-	r.(=)	p.(=)	MTM1_00221	-	-	germline (inherited)	http://www.ncbi.nlm.nih.gov/pubmed/11793470	DNA	SEQ	-	-
NM_000252.2:c.232-5_239delinsGTAA	X:149783057-149783069	delins	-	-	No ExAC data for variant	NA	Pathogenic	4i_5	-	r.(spl?)	p.(?)	MTM1_00048	-	-	germline (inherited)	http://www.ncbi.nlm.nih.gov/pubmed/16156021	?	?	-	-
NM_000252.2:c.232-3C>A	X:149783059	snp	-	-	No ExAC data for variant	NA	Pathogenic	4i	-	r.(spl?)	p.(?)	MTM1_00212	affects acceptor splice site	-	germline (inherited)	http://www.ncbi.nlm.nih.gov/pubmed/11793470	DNA	SEQ	-	-
NM_000252.2:c.232-2A>C	X:149783060	snp	-	-	No ExAC data for variant	NA	Pathogenic	4i	-	r.(spl?)	p.(?)	MTM1_00187	affects acceptor splice site	-	germline (inherited)	http://www.ncbi.nlm.nih.gov/pubmed/11793470	DNA	SEQ	-	-
NM_000252.2:c.232-1G>A	X:149783061	snp	-	-	No ExAC data for variant	NA	Pathogenic	4i	-	r.(spl?)	p.(?)	MTM1_00267	affects acceptor splice site	-	germline (inherited)	http://www.ncbi.nlm.nih.gov/pubmed/17537630	DNA	SEQ	-	-
NM_000252.2:c.232G>T	X:149783062	snp	-	-	No ExAC data for variant	NA	Probably pathogenic	5	-	r.(?)	p.(Asp78Tyr)	MTM1_00050	not in 220 control chromosomes; residue conserved in vertebrate species	0.129	germline (inherited)	-	DNA	SEQ	-	HinfI
NM_000252.2:c.260T>C	X:149783090	snp	-	-	No ExAC data for variant	NA	Pathogenic	5	T314C	r.(?)	p.(Leu87Pro)	MTM1_00051	-	1.000	germline (inherited)	http://www.ncbi.nlm.nih.gov/pubmed/09305655	DNA	SEQ	-	-
NM_000252.2:c.286dupA	X:149783110-149783111	dup	-	-	No ExAC data for variant	NA	Pathogenic	5	340insA	r.(?)	p.(Met96Asnfs*7)	MTM1_00052	-	-	germline (inherited)	http://www.ncbi.nlm.nih.gov/pubmed/10063835	DNA	SSCA-HDA, SEQ	-	-
NM_000252.2:c.296_297dupCG	X:149783122-149783123	dup	-	-	No ExAC data for variant	NA	Pathogenic	5	351insCG	r.(?)	p.(Thr100Argfs*11)	MTM1_00053	-	-	germline (inherited)	http://www.ncbi.nlm.nih.gov/pubmed/09305655	DNA	SSCA, SEQ	-	-
NM_000252.2:c.321T>A	X:149783151	snp	-	-	No ExAC data for variant	NA	Pathogenic	5	375T-A	r.(?)	p.(Tyr107*)	MTM1_00054	-	-	germline (inherited)	http://www.ncbi.nlm.nih.gov/pubmed/09285787	DNA	SEQ, SSCA, HA	-	-
NM_000252.2:c.323G>A	X:149783153	snp	-	-	No ExAC data for variant	NA	Probably pathogenic	5	-	r.(?)	p.(Gly108Asp)	MTM1_00252	-	0.998	de novo	-	DNA	SEQ	-	-
NM_000252.2:c.342_342+4delAGTAA	X:149783168-149783172	del	-	-	No ExAC data for variant	NA	Pathogenic	5	delta392396 GTAAA	r.(spl?)	p.(?)	MTM1_00055	affects donor splice site	-	germline (inherited)	http://www.ncbi.nlm.nih.gov/pubmed/09285787	DNA	SSCA, HA, SEQ	-	-
NM_000252.2:c.342+5G>A	X:149783177	snp	-	-	No ExAC data for variant	NA	Probably pathogenic	5i	-	r.232_342del	p.Ser79_Asp115del	MTM1_00235	affects donor splice site	-	germline (inherited)	-	DNA, RNA	RT-PCR, SEQ	-	-
NM_000252.2:c.343-2A>C	X:149787509	snp	-	-	No ExAC data for variant	NA	Pathogenic	5i	A(397-2)C	r.(spl?)	p.(?)	MTM1_00056	affects acceptor splice site	-	germline (inherited)	http://www.ncbi.nlm.nih.gov/pubmed/09305655	DNA	SSCA, SEQ	-	-
NM_000252.2:c.377_378insT	X:149787545-149787546	ins	-	-	No ExAC data for variant	NA	Pathogenic	6	c.377insT	r.(?)	p.(Glu126Aspfs*10)	MTM1_00058	de novo, in patient (maternal allele)	-	germline (inherited)	http://www.ncbi.nlm.nih.gov/pubmed/12522554	DNA	SEQ, SSCA	-	-
NM_000252.2:c.386_387insA	X:149787554-149787555	ins	-	-	No ExAC data for variant	NA	Pathogenic	6	A insertion at nucleotide 440	r.(?)	p.(Ser129Argfs*7)	MTM1_00228	de novo, in patient	-	germline (inherited)	http://www.ncbi.nlm.nih.gov/pubmed/11377105	DNA	HD, SEQ	-	-
NM_000252.2:c.391delA	X:149787558	del	-	-	No ExAC data for variant	NA	Pathogenic	6	-	r.(?)	p.(Arg131Glufs*24)	MTM1_00059	-	-	germline (inherited)	http://www.ncbi.nlm.nih.gov/pubmed/10790201	?	?	-	-
NM_000252.2:c.397_398delAT	X:149787563-149787564	del	-	-	No ExAC data for variant	NA	Pathogenic	6	451delAT	r.(?)	p.(Met133Valfs*2)	MTM1_00060	-	-	germline (inherited)	http://www.ncbi.nlm.nih.gov/pubmed/09305655	DNA	SSCA, SEQ	-	-
NM_000252.2:c.417A>G	X:149787585	snp	-	-	No ExAC data for variant	NA	Pathogenic	6	-	r.(spl?)	p.(?)	MTM1_00061	Creates a new acceptor splice site; de novo, in patient (maternal allele)	-	germline (inherited)	http://www.ncbi.nlm.nih.gov/pubmed/12522554	DNA	SEQ, SSCA	-	-
NM_000252.2:c.420C>G	X:149787588	snp	-	-	No ExAC data for variant	NA	Pathogenic	6	-	r.(?)	p.(Tyr140*)	MTM1_00289	-	-	unknown	http://genetics.emory.edu/egl/emvclass/emvclass.php	DNA	SEQ	-	-
NM_000252.2:c.426delT	X:149787592	del	-	-	No ExAC data for variant	NA	Pathogenic	6	480delT	r.(?)	p.(Leu144Trpfs*11)	MTM1_00062	-	-	germline (inherited)	http://www.ncbi.nlm.nih.gov/pubmed/10063835	DNA	SSCA-HDA, SEQ	-	-
NM_000252.2:c.431delT	X:149787599	del	-	-	No ExAC data for variant	NA	Pathogenic	6	-	r.(?)	p.(Leu144Argfs*11)	MTM1_00263	-	-	de novo	http://www.ncbi.nlm.nih.gov/pubmed/20500434	DNA	SEQ	-	-
NM_000252.2:c.444G>C	X:149787612	snp	-	-	No ExAC data for variant	NA	Pathogenic	6	-	r.343_444del	p.Asp115_Leu148del	MTM1_00268	affects donor splice site	-	germline (inherited)	http://www.ncbi.nlm.nih.gov/pubmed/17537630	DNA,  RNA?	SEQ	-	-
NM_000252.2:c.445-49_445-4del	X:149807367-149807412	del	-	-	No ExAC data for variant	NA	Pathogenic	6i	c.(445-49)-(445-4)del46nt	r.(spl?)	p.(?)	MTM1_00063	affects acceptor splice site	-	germline (inherited)	http://www.ncbi.nlm.nih.gov/pubmed/12522554	DNA	SEQ, SSCA	-	-
NM_000252.2:c.445-33C>T	X:149807383	snp	T:0.001934,T:0.001934	T	0.001934000	2	No known pathogenicity	6i	-	r.(=)	p.(=)	MTM1_00215	-	-	germline (inherited)	http://www.ncbi.nlm.nih.gov/pubmed/10063835	DNA	SEQ	-	-
NM_000252.2:c.445-1_445insGAAA	X:149807415-149807416	ins	-	-	No ExAC data for variant	NA	Pathogenic	6i	c.445-1insGAAA	r.(?)	p.(Pro149Glufs*9)	MTM1_00064	-	-	germline (inherited)	http://www.ncbi.nlm.nih.gov/pubmed/09931531,http://www.ncbi.nlm.nih.gov/pubmed/11793470	DNA+RNA	RT-PCR, SEQ	-	-
NM_000252.2:c.461T>G	X:149807432	snp	-	-	No ExAC data for variant	NA	Pathogenic	7	-	r.(?)	p.(Leu154*)	MTM1_00290	-	-	unknown	http://genetics.emory.edu/egl/emvclass/emvclass.php	DNA	SEQ	-	-
NM_000252.2:c.461_477delinsAA	X:149807432-149807448	delins	-	-	No ExAC data for variant	NA	Pathogenic	7	515del18bp and 515insAAA	r.(?)	p.(Leu154*)	MTM1_00067	-	-	germline (inherited)	http://www.ncbi.nlm.nih.gov/pubmed/09305655	DNA	SSCA, SEQ	-	-
NM_000252.2:c.465delT	X:149807436	del	-	-	No ExAC data for variant	NA	Pathogenic	7	-	r.(?)	p.(Asn155Lysfs*31)	MTM1_00068	-	-	germline (inherited)	http://www.ncbi.nlm.nih.gov/pubmed/11793470	DNA	SEQ	-	-
NM_000252.2:c.469delG	X:149807440	del	-	-	No ExAC data for variant	NA	Pathogenic	7	-	r.(?)	p.(Glu157Lysfs*29)	MTM1_00069	-	-	germline (inherited)	http://www.ncbi.nlm.nih.gov/pubmed/11793470	DNA	SEQ	-	-
NM_000252.2:c.469G>A	X:149807440	snp	-	-	No ExAC data for variant	NA	Pathogenic	7	G469A	r.(?)	p.(Glu157Lys)	MTM1_00065	not in 100 control chromosomes	0.523	germline (inherited)	http://www.ncbi.nlm.nih.gov/pubmed/12859411,http://www.omim.org/entry/300415#0010	DNA	SEQ	-	MboII
NM_000252.2:c.469G>T	X:149807440	snp	-	-	No ExAC data for variant	NA	Pathogenic	7	-	r.(?)	p.(Glu157*)	MTM1_00248	-	-	germline (inherited)	-	DNA	SEQ	-	-
NM_000252.2:c.481delG	X:149807452	del	A:1.142e-05	A	0.000011420	4	Pathogenic	7	535delG	r.(?)	p.(Val161Trpfs*25)	MTM1_00070	-	-	germline (inherited)	http://www.ncbi.nlm.nih.gov/pubmed/10063835	DNA	SSCA-HDA, SEQ	-	-
NM_000252.2:c.524_525dupGG	X:149807494-149807495	dup	-	-	No ExAC data for variant	NA	Pathogenic	7	-	r.(?)	p.(Gln176Glyfs*11)	MTM1_00071	-	-	germline (inherited)	http://www.ncbi.nlm.nih.gov/pubmed/15725586	DNA	SEQ	-	-
NM_000252.2:c.526C>T	X:149807497	snp	-	-	No ExAC data for variant	NA	Pathogenic	7	-	r.(?)	p.(Gln176*)	MTM1_00066	de novo, in patient (maternal allele)	-	germline (inherited)	http://www.ncbi.nlm.nih.gov/pubmed/12522554	DNA	SEQ, SSCA	-	-
NM_000252.2:c.528+1G>A	X:149807500	snp	-	-	No ExAC data for variant	NA	Pathogenic	7i	G(582+1)A	r.(spl?)	p.(Gly177Valfs*4)	MTM1_00072	affects donor splice site	-	germline (inherited)	http://www.ncbi.nlm.nih.gov/pubmed/09305655	DNA	SSCA, SEQ	-	-
NM_000252.2:c.529-909A>G	X:149808833	snp	-	-	No ExAC data for variant	NA	Pathogenic	7i	c.582+1334A>G	r.528_529ins529-908_529-815	p.0	MTM1_00237	if protein translated: p.(Gly177Leufs*23)	-	germline (inherited)	http://www.ncbi.nlm.nih.gov/pubmed/20434914	DNA, RNA, protein	RT-PCR, SEQ, Western	-	-
NM_000252.2:c.529-1G>T	X:149809741	snp	-	-	No ExAC data for variant	NA	Pathogenic	7i	-	r.[529_551del, 529_570del]	p.[Gly177Asnfs*5, Gly177_Lys190del]	MTM1_00282	affects acceptor splice site; 4 other additional aberrant transcripts were detect; composed of r.529_551del and together with: i) skipping of exons: 2, 2-5, 2-6 or ii) inclusion of 22nt of intron 3.	-	germline (inherited)	http://www.ncbi.nlm.nih.gov/pubmed/22258523	DNA, RNA, protein	RT-PCR, SEQ, Western	-	-
NM_000252.2:c.534delG	X:149809747	del	-	-	No ExAC data for variant	NA	Pathogenic	8	-	r.(?)	p.(Leu178Phefs*8)	MTM1_00073	-	-	germline (inherited)	http://www.ncbi.nlm.nih.gov/pubmed/15725586	DNA	SEQ	-	-
NM_000252.2:c.535C>T	X:149809748	snp	-	-	No ExAC data for variant	NA	Pathogenic	8	-	r.(?)	p.(Pro179Ser)	MTM1_00074	conserved residue (Drosophila); de novo, in patient	0.188	de novo	http://www.ncbi.nlm.nih.gov/pubmed/10502779	DNA	SEQ, SSCA	-	-
NM_000252.2:c.539dupA	X:149809750-149809751	dup	-	-	No ExAC data for variant	NA	Pathogenic	8	c.538-539insA	r.(?)	p.(Asn180Lysfs*10)	MTM1_00075	-	-	germline (inherited)	http://www.ncbi.nlm.nih.gov/pubmed/10790201	?	?	-	-
NM_000252.2:c.540T>G	X:149809753	snp	-	-	No ExAC data for variant	NA	Pathogenic	8	-	r.(?)	p.(Asn180Lys)	MTM1_00076	conserved residue (hMTMR1/2, Drosophila, C. elegans)	0.085	germline (inherited)	http://www.ncbi.nlm.nih.gov/pubmed/12522554	DNA	SEQ, SSCA	-	-
NM_000252.2:c.549G>A	X:149809762	snp	-	-	No ExAC data for variant	NA	Pathogenic	8	-	r.(?)	p.(Trp183*)	MTM1_00297	-	-	germline (inherited)	-	DNA	PCR, SEQ	-	-
NM_000252.2:c.550A>G	X:149809763	snp	-	-	No ExAC data for variant	NA	Pathogenic	8	604A→G	r.(?)	p.(Arg184Gly)	MTM1_00077	-	0.096	germline (inherited)	http://www.ncbi.nlm.nih.gov/pubmed/09285787	DNA	SEQ, SSCA, HA	-	-
NM_000252.2:c.551G>T	X:149809764	snp	-	-	No ExAC data for variant	NA	Pathogenic	8	R184L	r.(?)	p.(Arg184Ile)	MTM1_00078	genetic test performed in mother; conserved residue (Drosophila, S. pombe, S. cerevisiae, hMTMR2)	0.188	germline (inherited)	http://www.ncbi.nlm.nih.gov/pubmed/12522554	DNA	SEQ, SSCA	-	-
NM_000252.2:c.557C>T	X:149809770	snp	-	-	No ExAC data for variant	NA	Pathogenic	8	-	r.(?)	p.(Thr186Ile)	MTM1_00079	not in 100 control chromosomes; conserved residue (Drosophila); Serine in mouse and hMTMR1)	0.900	germline (inherited)	http://www.ncbi.nlm.nih.gov/pubmed/11793470	DNA	SEQ	-	-
NM_000252.2:c.560_561delTT	X:149809771-149809772	del	-	-	No ExAC data for variant	NA	Pathogenic	8	c.560-561delTT	r.(?)	p.(Phe187Tyrfs*2)	MTM1_00080	de novo, in patient (maternal allele)	-	germline (inherited)	http://www.ncbi.nlm.nih.gov/pubmed/10790201	?	?	-	-
NM_000252.2:c.561T>C	X:149809774	snp	-	-	No ExAC data for variant	NA	No known pathogenicity	8	-	r.(=)	p.(=)	MTM1_00216	-	-	germline (inherited)	http://www.ncbi.nlm.nih.gov/pubmed/09305655	DNA	SEQ	-	-
NM_000252.2:c.566A>G	X:149809779	snp	-	-	No ExAC data for variant	NA	Pathogenic	8	620A>G	r.(?)	p.(Asn189Ser)	MTM1_00082	not in 60 control chromosomes; de novo, in patient	0.994	de novo	http://www.ncbi.nlm.nih.gov/pubmed/08640223,http://www.omim.org/entry/300415#0001	DNA	SSCA	-	-
NM_000252.2:c.566delA	X:149809778	del	-	-	No ExAC data for variant	NA	Pathogenic	8	-	r.(?)	p.(Asn189Ilefs*61)	MTM1_00081	-	-	germline (inherited)	http://www.ncbi.nlm.nih.gov/pubmed/10790201	?	?	-	-
NM_000252.2:c.575A>G	X:149809788	snp	-	-	No ExAC data for variant	NA	Pathogenic	8	-	r.(?)	p.(Tyr192Cys)	MTM1_00041	-	0.999	germline (inherited)	http://www.ncbi.nlm.nih.gov/pubmed/20434914	DNA, protein	SEQ, Western	-	-
NM_000252.2:c.590C>T	X:149809803	snp	-	-	No ExAC data for variant	NA	Pathogenic	8	590C/T	r.(?)	p.(Thr197Ile)	MTM1_00084	de novo, in patient	0.996	de novo	http://www.ncbi.nlm.nih.gov/pubmed/12031625	DNA	DHPLC, SEQ	-	-
NM_000252.2:c.591_594delTTAC	X:149809802-149809805	del	-	-	No ExAC data for variant	NA	Pathogenic	8	D643-646 ACTT	r.(?)	p.(Tyr198Leufs*51)	MTM1_00083	-	-	germline (inherited)	http://www.ncbi.nlm.nih.gov/pubmed/09285787	DNA	SSCA, HA, SEQ	-	-
NM_000252.2:c.592T>A	X:149809805	snp	-	-	No ExAC data for variant	NA	Pathogenic	8	646T-A	r.(?)	p.(Tyr198Asn)	MTM1_00085	conserved residue (C. elegans, S. cerevisiae)	1.000	germline (inherited)	http://www.ncbi.nlm.nih.gov/pubmed/09285787	DNA	SEQ, SSCA, HA	-	-
NM_000252.2:c.592_594delinsAA	X:149809805-149809807	delins	-	-	No ExAC data for variant	NA	Pathogenic	8	[645delT; 648C>A]	r.(?)	p.(Tyr198Asnfs*52)	MTM1_00086	not in 60 control chromosomes	-	germline (inherited)	http://www.ncbi.nlm.nih.gov/pubmed/08640223	DNA	SSCA	-	-
NM_000252.2:c.593dupA	X:149809805-149809806	dup	-	-	No ExAC data for variant	NA	Pathogenic	8	c.593-594insA	r.(?)	p.(Tyr198*)	MTM1_00087	-	-	germline (inherited)	http://www.ncbi.nlm.nih.gov/pubmed/12522554	DNA	SEQ, SSCA	-	-
NM_000252.2:c.594C>A	X:149809807	snp	-	-	No ExAC data for variant	NA	Pathogenic	8	C648A	r.(?)	p.(Tyr198*)	MTM1_00088	-	-	germline (inherited)	http://www.ncbi.nlm.nih.gov/pubmed/10063835	DNA	SEQ, SSCA, HA	-	-
NM_000252.2:c.595C>A	X:149809808	snp	-	-	No ExAC data for variant	NA	Pathogenic	8	-	r.(?)	p.(Pro199Thr)	MTM1_00240	not in 180 control chromosomes	0.995	germline (inherited)	-	DNA	SEQ	-	-
NM_000252.2:c.595C>T	X:149809808	snp	-	-	No ExAC data for variant	NA	Pathogenic	8	649T/C	r.(?)	p.(Pro199Ser)	MTM1_00089	extremely skewed X inactivation; conserved (Drosophila)	0.999	germline (inherited)	http://www.ncbi.nlm.nih.gov/pubmed/12031625	DNA	DHPLC, SEQ, X-inactivation assay	-	-
NM_000252.2:c.596C>T	X:149809809	snp	-	-	No ExAC data for variant	NA	Pathogenic	8	-	r.(?)	p.(Pro199Leu)	MTM1_00090	not in 100 control chromosomes; conserved residue (mouse, Drosophila, hMTMR1)	1.000	germline (inherited)	http://www.ncbi.nlm.nih.gov/pubmed/15725586	DNA	SEQ	-	-
NM_000252.2:c.600delT	X:149809813	del	-	-	No ExAC data for variant	NA	Pathogenic	8	c.601delT	r.(?)	p.(Leu201Phefs*49)	MTM1_00270	-	-	germline (inherited)	http://www.ncbi.nlm.nih.gov/pubmed/17537630	DNA	SEQ	-	-
NM_000252.2:c.605delT	X:149809815	del	-	-	No ExAC data for variant	NA	Pathogenic	8	c.601delT	r.(?)	p.(Leu202Trpfs*48)	MTM1_00091	-	-	germline (inherited)	http://www.ncbi.nlm.nih.gov/pubmed/11793470	DNA	SEQ	-	-
NM_000252.2:c.605T>C	X:149809818	snp	-	-	No ExAC data for variant	NA	Pathogenic	8	-	r.(?)	p.(Leu202Ser)	MTM1_00092	conserved residue (S. pombe, S. cerevisiae, hMTMR2)	0.994	germline (inherited)	http://www.ncbi.nlm.nih.gov/pubmed/12522554	DNA	SEQ, SSCA	-	-
NM_000252.2:c.614C>T	X:149809827	snp	-	-	No ExAC data for variant	NA	Pathogenic	8	668C>T	r.(?)	p.(Pro205Leu)	MTM1_00093	not in 60 control chromosomes; conserved residue (C.elegans, yeast);	1.000	germline (inherited)	http://www.ncbi.nlm.nih.gov/pubmed/08640223	DNA	SEQ, SSCA	-	-
NM_000252.2:c.637C>T	X:149809850	snp	-	-	No ExAC data for variant	NA	Probably pathogenic	8	-	r.(?)	p.(Leu213Phe)	MTM1_00255	conserved down to fruitfly	0.523	germline (inherited)	-	DNA	SEQ	-	-
NM_000252.2:c.649dupG	X:149809861-149809862	dup	-	-	No ExAC data for variant	NA	Pathogenic	8	703insG	r.(?)	p.(Ala217Glyfs*4)	MTM1_00094	-	-	germline (inherited)	http://www.ncbi.nlm.nih.gov/pubmed/09305655	DNA	SSCA, SEQ	-	-
NM_000252.2:c.659G>C	X:149809872	snp	-	-	No ExAC data for variant	NA	Probably pathogenic	8	-	r.(?)	p.(Arg220Thr)	MTM1_00273	Arg is conserved down to baker's yeast	1.000	germline (inherited)	-	DNA	SEQ	-	-
NM_000252.2:c.664C>T	X:149809877	snp	-	-	No ExAC data for variant	NA	Pathogenic	8	C718T*	r.(?)	p.(Arg222*)	MTM1_00095	-	-	germline (inherited)	http://www.ncbi.nlm.nih.gov/pubmed/09305655	DNA	SSCA, SEQ	-	-
NM_000252.2:c.670C>T	X:149809883	snp	-	-	No ExAC data for variant	NA	Pathogenic	8	C724T	r.(?)	p.(Arg224*)	MTM1_00096	-	-	germline (inherited)	http://www.ncbi.nlm.nih.gov/pubmed/10063835	DNA	SSCA-HDA, SEQ	-	-
NM_000252.2:c.671G>T	X:149809884	snp	-	-	No ExAC data for variant	NA	Unknown	8	-	r.(?)	p.(Arg224Leu)	MTM1_00291	conserved residue (up to Baker's yeast)	0.999	unknown	http://genetics.emory.edu/egl/emvclass/emvclass.php	DNA	SEQ	-	-
NM_000252.2:c.674T>C	X:149809887	snp	-	-	No ExAC data for variant	NA	Pathogenic	8	T728C	r.(?)	p.(Ile225Thr)	MTM1_00097	conserved residue	0.941	germline (inherited)	http://www.ncbi.nlm.nih.gov/pubmed/10063835	DNA	SSCA-HDA,  SEQ	-	-
NM_000252.2:c.676C>A	X:149809889	snp	-	-	No ExAC data for variant	NA	Pathogenic	8	-	r.(?)	p.(Pro226Thr)	MTM1_00098	conserved residue (C. elegans, Drosophila, S.pombe, S.cerevisae, hMTMR1/2)	0.990	germline (inherited)	http://www.ncbi.nlm.nih.gov/pubmed/12522554	DNA	SEQ, SSCA	-	-
NM_000252.2:c.678+1delG	X:149809892	del	-	-	No ExAC data for variant	NA	Pathogenic	8i	(732+1)delG	r.(spl?)	p.(?)	MTM1_00102	affects donor splice site; Maternal mosaicism	-	germline (inherited)	http://www.ncbi.nlm.nih.gov/pubmed/09305655	DNA	SSCA, SEQ	-	-
NM_000252.2:c.678+1G>A	X:149809892	snp	-	-	No ExAC data for variant	NA	Pathogenic	8i	G(732+1)A	r.(spl?)	p.(?)	MTM1_00100	affects donor splice site	-	germline (inherited)	http://www.ncbi.nlm.nih.gov/pubmed/10063835	DNA	SSCA-HDA, SEQ	-	-
NM_000252.2:c.678+1G>C	X:149809892	snp	-	-	No ExAC data for variant	NA	Pathogenic	8i	-	r.(spl?)	p.(?)	MTM1_00101	affects donor splice site	-	germline (inherited)	http://www.ncbi.nlm.nih.gov/pubmed/10790201	?	?	-	-
NM_000252.2:c.678+2T>A	X:149809893	snp	-	-	No ExAC data for variant	NA	Pathogenic	8i	T(732+2)A	r.(spl?)	p.(?)	MTM1_00103	Donor splice site	-	germline (inherited)	http://www.ncbi.nlm.nih.gov/pubmed/10063835	DNA	SSCA-HDA, SEQ	-	-
NM_000252.2:c.679-2A>G	X:149814154	snp	-	-	No ExAC data for variant	NA	Pathogenic	8i	A(733-2)G	r.(spl?)	p.(?)	MTM1_00104	affects acceptor splice site	-	germline (inherited)	http://www.ncbi.nlm.nih.gov/pubmed/10063835	DNA	SSCA-HDA, SEQ	-	-
NM_000252.2:c.679-1G>A	X:149814155	snp	-	-	No ExAC data for variant	NA	Pathogenic	8i	G(733-1)A	r.(spl?)	p.(?)	MTM1_00105	affects acceptor splice site; grandmaternal mosaicism	-	germline (inherited)	http://www.ncbi.nlm.nih.gov/pubmed/09305655	DNA	SSCA, SEQ	-	-
NM_000252.2:c.679G>A	X:149814156	snp	-	-	No ExAC data for variant	NA	Pathogenic	9	-	r.(?)	p.(Val227Met)	MTM1_00106	-	0.997	germline (inherited)	http://www.ncbi.nlm.nih.gov/pubmed/10790201	?	?	-	-
NM_000252.2:c.683T>C	X:149814160	snp	-	-	No ExAC data for variant	NA	Pathogenic	9	-	r.(?)	p.(Leu228Pro)	MTM1_00107	not in 100 control chromosomes; conserved residue (mouse, hMTMR1 e Drosophila),	0.997	germline (inherited)	http://www.ncbi.nlm.nih.gov/pubmed/11793470	DNA	SEQ	-	-
NM_000252.2:c.684G>C	X:149814161	snp	-	-	No ExAC data for variant	NA	No known pathogenicity	9	-	r.(=)	p.(=)	MTM1_00217	-	-	germline (inherited)	http://www.ncbi.nlm.nih.gov/pubmed/09305655	DNA	SEQ	-	-
NM_000252.2:c.685delT	X:149814162	del	-	-	No ExAC data for variant	NA	Pathogenic	9	-	r.(?)	p.(Ser229Hisfs*21)	MTM1_00108	-	-	germline (inherited)	http://www.ncbi.nlm.nih.gov/pubmed/15725586	DNA	SEQ	-	-
NM_000252.2:c.685T>C	X:149814162	snp	-	-	No ExAC data for variant	NA	Pathogenic	9	T739C	r.(?)	p.(Ser229Pro)	MTM1_00109	conserved residue (yeast or C. elegans T/I)?	0.998	germline (inherited)	http://www.ncbi.nlm.nih.gov/pubmed/09305655	DNA	SSCA, SEQ	-	-
NM_000252.2:c.688T>A	X:149814165	snp	-	-	No ExAC data for variant	NA	Pathogenic	9	-	r.(?)	p.(Trp230Arg)	MTM1_00110	Not in 100 control chromosomes; conserved residue (mouse, Drosophila, hMTMR1)	1.000	germline (inherited)	http://www.ncbi.nlm.nih.gov/pubmed/15725586	DNA	SEQ	-	-
NM_000252.2:c.689G>A	X:149814166	snp	-	-	No ExAC data for variant	NA	Pathogenic	9	-	r.(?)	p.(Trp230*)	MTM1_00111	Genetic test performed in mother; de novo, in mother (grandmaternal allele)	-	germline (inherited)	http://www.ncbi.nlm.nih.gov/pubmed/10502779	DNA	SSCA, SEQ	-	-
NM_000252.2:c.690G>T	X:149814167	snp	-	-	No ExAC data for variant	NA	Pathogenic	9	G744T	r.(?)	p.(Trp230Cys)	MTM1_00112	conserved residue (Mouse, Drosophila, hMTMR1)	1.000	germline (inherited)	http://www.ncbi.nlm.nih.gov/pubmed/10063835	DNA	SSCA,  SEQ	-	-
NM_000252.2:c.695A>G	X:149814172	snp	-	-	No ExAC data for variant	NA	Pathogenic	9	A749G	r.(?)	p.(His232Arg)	MTM1_00113	conserved residue	0.989	germline (inherited)	http://www.ncbi.nlm.nih.gov/pubmed/10063835	DNA	SEQ, SSCA-HDA	-	-
NM_000252.2:c.703_704delAA	X:149814178-149814179	del	-	-	No ExAC data for variant	NA	Pathogenic	9	c.701-702delAA	r.(?)	p.(Asn235*)	MTM1_00114	-	-	germline (inherited)	http://www.ncbi.nlm.nih.gov/pubmed/12522554	DNA	SEQ, SSCA	-	-
NM_000252.2:c.709dupA	X:149814185-149814186	dup	-	-	No ExAC data for variant	NA	Pathogenic	9	763insA	r.(?)	p.(Thr237Asnfs*19)	MTM1_00116	-	-	germline (inherited)	http://www.ncbi.nlm.nih.gov/pubmed/09305655	DNA	SSCA, SEQ	-	-
NM_000252.2:c.709_710delAC	X:149814186-149814187	del	-	-	No ExAC data for variant	NA	Pathogenic	9	763_764delAC	r.(?)	p.(Thr237Glyfs*18)	MTM1_00115	not in 60 control chromosomes	-	germline (inherited)	http://www.ncbi.nlm.nih.gov/pubmed/08640223	DNA	SSCA	-	-
NM_000252.2:c.712dupG	X:149814187-149814188	dup	-	-	No ExAC data for variant	NA	Pathogenic	9	c.712-713insG	r.(?)	p.(Val238Glyfs*18)	MTM1_00117	de novo, in patient (maternal allele)	-	germline (inherited)	http://www.ncbi.nlm.nih.gov/pubmed/10502779	DNA	SSCA, SEQ	-	-
NM_000252.2:c.721C>T	X:149814198	snp	-	-	No ExAC data for variant	NA	Pathogenic	9	-	r.(?)	p.(Arg241Cys)	MTM1_00118	conserved residue (yeast or C. elegans R/R)	1.000	germline (inherited)	http://www.ncbi.nlm.nih.gov/pubmed/10502779	DNA	SSCA, SEQ	-	-
NM_000252.2:c.722G>T	X:149814199	snp	-	-	No ExAC data for variant	NA	Pathogenic	9	776G-T	r.(?)	p.(Arg241Leu)	MTM1_00119	conserved residue (C. elegans, S. cerevisiae)	0.999	germline (inherited)	http://www.ncbi.nlm.nih.gov/pubmed/09285787	DNA	SEQ, SSCA, HA	-	-
NM_000252.2:c.757C>T	X:149814234	snp	-	-	No ExAC data for variant	NA	Pathogenic	9	C to T at nucleotide 811	r.(?)	p.(Arg253*)	MTM1_00120	de novo, in mother (grandpaternal allele)	-	germline (inherited)	http://www.ncbi.nlm.nih.gov/pubmed/09858861	DNA	SSCA,  SEQ	-	-
NM_000252.2:c.765delA	X:149814240	del	-	-	No ExAC data for variant	NA	Pathogenic	9	819delA	r.(?)	p.(Asp256Metfs*28)	MTM1_00121	de novo, in mother (grandpaternal allele)	-	germline (inherited)	http://www.ncbi.nlm.nih.gov/pubmed/09305655	DNA	SSCA, SEQ	-	-
NM_000252.2:c.765_767delinsGG	X:149814242-149814244	delins	-	-	No ExAC data for variant	NA	Pathogenic	9	765_767delAGAinsGG	r.(?)	p.(Asp256Valfs*28)	MTM1_00243	-	-	germline (inherited)	-	DNA	SEQ	-	-
NM_000252.2:c.779A>C	X:149814256	snp	-	-	No ExAC data for variant	NA	Pathogenic	9	-	r.(?)	p.(Tyr260Ser)	MTM1_00272	-	0.964	germline (inherited)	http://www.ncbi.nlm.nih.gov/pubmed/17537630	DNA	SEQ	-	-
NM_000252.2:c.780T>A	X:149814257	snp	-	-	No ExAC data for variant	NA	Pathogenic	9	-	r.(?)	p.(Tyr260*)	MTM1_00292	-	-	unknown	http://genetics.emory.edu/egl/emvclass/emvclass.php	DNA	SEQ	-	-
NM_000252.2:c.788_789dupTT	X:149814264-149814265	dup	-	-	No ExAC data for variant	NA	Pathogenic	9	c.786-787insTT	r.(?)	p.(Ile264Leufs*21)	MTM1_00122	Genetic test performed in mother	-	germline (inherited)	http://www.ncbi.nlm.nih.gov/pubmed/10502779	DNA	SSCA, SEQ	-	-
NM_000252.2:c.791T>G	X:149814268	snp	-	-	No ExAC data for variant	NA	Pathogenic	9	-	r.(?)	p.(Ile264Ser)	MTM1_00123	conserved residue (Drosophila); de novo, in mother (grandmaternal allele)	0.996	germline (inherited)	http://www.ncbi.nlm.nih.gov/pubmed/10502779	DNA	SSCA,  SEQ	-	-
NM_000252.2:c.796G>T	X:149814273	snp	-	-	No ExAC data for variant	NA	Pathogenic	9	-	r.(?)	p.(Glu266*)	MTM1_00124	-	-	germline (inherited)	http://www.ncbi.nlm.nih.gov/pubmed/10502779	DNA	SSCA,  SEQ	-	-
NM_000252.2:c.836C>G	X:149814313	snp	-	-	No ExAC data for variant	NA	Pathogenic	9	-	r.(?)	p.(Ala279Gly)	MTM1_00126	not in 100 control chromosomes; conserved residue (mouse, Drosophila, hMTMR1)	0.578	germline (inherited)	http://www.ncbi.nlm.nih.gov/pubmed/11793470	DNA	SEQ	-	-
NM_000252.2:c.836delC	X:149814313	del	-	-	No ExAC data for variant	NA	Pathogenic	9	890delC	r.(?)	p.(Ala279Glufs*4)	MTM1_00125	-	-	germline (inherited)	http://www.ncbi.nlm.nih.gov/pubmed/09305655	DNA	SSCA,SEQ	-	-
NM_000252.2:c.867+1G>A	X:149814345	snp	-	-	No ExAC data for variant	NA	Pathogenic	9i	-	r.(spl?)	p.(?)	MTM1_00127	-	-	germline (inherited)	-	DNA	SEQ	-	-
NM_000252.2:c.867+1G>C	X:149814345	snp	-	-	No ExAC data for variant	NA	Pathogenic	9i	G-C first base of intron 9	r.679_867del	p.Val227_Lys289del	MTM1_00128	affects donor splice site	-	germline (inherited)	http://www.ncbi.nlm.nih.gov/pubmed/09851444	RNA+DNA	RT-PCR, SEQ	-	-
NM_000252.2:c.867+1G>T	X:149814345	snp	-	-	No ExAC data for variant	NA	Pathogenic	9i	-	r.679_867del	p.Val227_Lys289del	MTM1_00281	affects donor splice site; no skewed X chromosome inactivation	-	unknown	http://www.ncbi.nlm.nih.gov/pubmed/22101172	DNA, RNA	RT-PCR, SEQ	-	-
NM_000252.2:c.867+2T>A	X:149814346	snp	-	-	No ExAC data for variant	NA	Pathogenic	9i	-	r.(spl?)	p.(?)	MTM1_00129	affects donor splice site	-	germline (inherited)	http://www.ncbi.nlm.nih.gov/pubmed/10790201	?	?	-	-
NM_000252.2:c.868-13T>A	X:149818176	snp	-	-	No ExAC data for variant	NA	Pathogenic	9i	-	r.[=, 867_868ins868-11_868-1, 868_928del]	p.0?	MTM1_00238	If protein translated: p.[Ala290Leufs*22, Ala290Thrfs*12]	-	germline (inherited)	http://www.ncbi.nlm.nih.gov/pubmed/20434914	DNA, RNA, protein	RT-PCR, SEQ, Western	-	-
NM_000252.2:c.875dupG	X:149818194-149818195	dup	-	-	No ExAC data for variant	NA	Pathogenic	10	c.873-874insG	r.(?)	p.(Gly293Argfs*4)	MTM1_00131	-	-	germline (inherited)	http://www.ncbi.nlm.nih.gov/pubmed/10790201	?	?	-	-
NM_000252.2:c.880_882delGGA	X:149818194-149818196	del	-	-	No ExAC data for variant	NA	Pathogenic	10	-	r.(?)	p.(Gly294del)	MTM1_00132	de novo, in patient (maternal allele)	-	germline (inherited)	http://www.ncbi.nlm.nih.gov/pubmed/10502779	DNA	SSCA, SEQ	-	-
NM_000252.2:c.885dupT	X:149818205-149818206	dup	-	-	No ExAC data for variant	NA	Pathogenic	10	c.885-886insT	r.(?)	p.(Glu296*)	MTM1_00133	-	-	germline (inherited)	http://www.ncbi.nlm.nih.gov/pubmed/12522554	DNA	SEQ, SSCA	-	-
NM_000252.2:c.899C>T	X:149818220	snp	-	-	No ExAC data for variant	NA	Probably not pathogenic	10	-	r.(?)	p.(Ala300Val)	MTM1_00262	nonrecurrent change, found once in 208 families	-	germline (inherited)	http://www.ncbi.nlm.nih.gov/pubmed/19377476	DNA	SEQ	1/208	-
NM_000252.2:c.924_926delCTT	X:149818240-149818242	del	-	-	No ExAC data for variant	NA	Pathogenic	10	-	r.(?)	p.(Phe308del)	MTM1_00264	-	-	germline (inherited)	http://www.ncbi.nlm.nih.gov/pubmed/20358311	DNA	SEQ	-	-
NM_000252.2:c.928_935delGACATTCA	X:149818248-149818255	del	-	-	No ExAC data for variant	NA	Pathogenic	10	982delGACATTCA	r.(?)	p.(Asp310*)	MTM1_00134	-	-	germline (inherited)	http://www.ncbi.nlm.nih.gov/pubmed/10063835	DNA	SSCA-HDA, SEQ	-	-
NM_000252.2:c.950T>G	X:149818271	snp	C:1.143e-05	G	No relevant ExAC data	NA	Pathogenic	10	1004T-G	r.(?)	p.(Met317Arg)	MTM1_00135	Not conserved at lower eukaryotes; alters charge of the aminoacid	0.999	germline (inherited)	http://www.ncbi.nlm.nih.gov/pubmed/09285787	DNA	SEQ, SSCA, HA	-	-
NM_000252.2:c.961_962del	X:149818281-149818282	del	-	-	No ExAC data for variant	NA	Pathogenic	10	-	r.(?)	p.(Leu321Lysfs*10)	MTM1_00269	-	-	germline (inherited)	http://www.ncbi.nlm.nih.gov/pubmed/17537630	DNA	SEQ	-	-
NM_000252.2:c.969delA	X:149818284	del	T:1.144e-05	T	0.000011440	4	Pathogenic	10	-	r.(?)	p.(Val324*)	MTM1_00293	-	-	unknown	http://genetics.emory.edu/egl/emvclass/emvclass.php	DNA	SEQ	-	-
NM_000252.2:c.969dupA	X:149818283-149818284	dup	-	-	No ExAC data for variant	NA	Pathogenic	10	c.969-970insA	r.(?)	p.(Val324Serfs*8)	MTM1_00136	-	-	germline (inherited)	http://www.ncbi.nlm.nih.gov/pubmed/10790201	?	?	-	-
NM_000252.2:c.1015dupT	X:149818335-149818336	dup	-	-	No ExAC data for variant	NA	Pathogenic	10	c.1015insT	r.(?)	p.(Ser339Phefs*39)	MTM1_00137	-	-	germline (inherited)	http://www.ncbi.nlm.nih.gov/pubmed/11793470	DNA	SEQ	-	-
NM_000252.2:c.1037G>C	X:149818358	snp	A:1.15e-05	C	No relevant ExAC data	NA	Pathogenic	10	-	r.(?)	p.(Trp346Ser)	MTM1_00138	-	0.999	germline (inherited)	http://www.ncbi.nlm.nih.gov/pubmed/10790201	?	?	-	-
NM_000252.2:c.1038G>T	X:149818359	snp	-	-	No ExAC data for variant	NA	Pathogenic	10	-	r.(?)	p.(Trp346Cys)	MTM1_00139	conserved residue (hMTMR1/2, Drosophila, C. elegans, S. pombe, S. cerevisiae)	0.984	germline (inherited)	http://www.ncbi.nlm.nih.gov/pubmed/12522554	DNA	SEQ, SSCA	-	-
NM_000252.2:c.1053+1G>A	X:149818375	snp	-	-	No ExAC data for variant	NA	Pathogenic	10i	-	r.(spl?)	p.(?)	MTM1_00251	affects donor splice site	-	germline (inherited)	-	DNA	SEQ	-	-
NM_000252.2:c.1054-5G>C	X:149826289	snp	-	-	No ExAC data for variant	NA	Unknown	10i	-	r.(?)	p.(=)	MTM1_00294	-	-	unknown	http://genetics.emory.edu/egl/emvclass/emvclass.php	DNA	SEQ	-	-
NM_000252.2:c.1054-1G>T	X:149826293	snp	-	-	No ExAC data for variant	NA	Pathogenic	10i	-	r.(spl?)	p.(?)	MTM1_00140	affects acceptor splice site; de novo, in patient (maternal allele)	-	germline (inherited)	http://www.ncbi.nlm.nih.gov/pubmed/10063835	DNA	SSCA-HDA, SEQ	-	-
NM_000252.2:c.1067G>A	X:149826307	snp	-	-	No ExAC data for variant	NA	Pathogenic	11	-	r.(?)	p.(Gly356Glu)	MTM1_00141	not in 100 control chromosomes	0.999	germline (inherited)	http://www.ncbi.nlm.nih.gov/pubmed/15725586	DNA	SEQ	-	-
NM_000252.2:c.1083dupA	X:149826322-149826323	dup	-	-	No ExAC data for variant	NA	Pathogenic	11	c.1083-1084insA	r.(?)	p.(Asp362Argfs*16)	MTM1_00142	-	-	germline (inherited)	http://www.ncbi.nlm.nih.gov/pubmed/12522554	DNA	SEQ, SSCA	-	-
NM_000252.2:c.1088_1089del	X:149826327-149826328	del	-	-	No ExAC data for variant	NA	Pathogenic	11	-	r.(?)	p.(Lys363Serfs*14)	MTM1_00234	-	-	germline (inherited)	-	DNA	SEQ	-	-
NM_000252.2:c.1091T>G	X:149826331	snp	-	-	No ExAC data for variant	NA	Pathogenic	11	-	r.(?)	p.(Val364Gly)	MTM1_00143	conserved residue (C. elegans, Drosophila, S.pombe, hMTMR2)	0.982	germline (inherited)	http://www.ncbi.nlm.nih.gov/pubmed/12522554	DNA	SEQ, SSCA	-	-
NM_000252.2:c.1093dupT	X:149826330-149826331	dup	-	-	No ExAC data for variant	NA	Pathogenic	11	1147_1148insT	r.(?)	p.(Ser365Phefs*13)	MTM1_00144	not in 60 control chromosomes	-	germline (inherited)	http://www.ncbi.nlm.nih.gov/pubmed/08640223	DNA	SSCA	-	-
NM_000252.2:c.1097C>G	X:149826337	snp	-	-	No ExAC data for variant	NA	Pathogenic	11	C1151G	r.(?)	p.(Ser366*)	MTM1_00145	-	-	germline (inherited)	http://www.ncbi.nlm.nih.gov/pubmed/10063835	DNA	SSCA-HDA, SEQ	-	-
NM_000252.2:c.1120C>G	X:149826360	snp	-	-	No ExAC data for variant	NA	Pathogenic	11	-	r.(?)	p.(His374Asp)	MTM1_00146	-	1.000	germline (inherited)	http://www.ncbi.nlm.nih.gov/pubmed/10790201	DNA	SSCA,  SEQ	-	-
NM_000252.2:c.1127G>A	X:149826367	snp	-	-	No ExAC data for variant	NA	Pathogenic	11	G1181A, S394N	r.(?)	p.(Ser376Asn)	MTM1_00147	not in 60 control chromosomes; conserved residue (C. elegans, yeast) in PTP domain; Disruption of ligand binding site; de novo, in mother (grandpaternal allele)	0.995	germline (inherited)	http://www.ncbi.nlm.nih.gov/pubmed/8640223,http://www.ncbi.nlm.nih.gov/pubmed/20434914	DNA	SSCA, SEQ	-	-
NM_000252.2:c.1132G>A	X:149826372	snp	-	-	No ExAC data for variant	NA	Pathogenic	11	-	r.(?)	p.(Gly378Arg)	MTM1_00148	conserved residue (C. elegans or yeast G/G) in PTP domain	1.000	germline (inherited)	http://www.ncbi.nlm.nih.gov/pubmed/10502779	DNA	SSCA, SEQ	-	-
NM_000252.2:c.1133G>A	X:149826373	snp	-	-	No ExAC data for variant	NA	Pathogenic	11	G1187A	r.(?)	p.(Gly378Glu)	MTM1_00149	Maternal mosaicism	1.000	germline (inherited)	http://www.ncbi.nlm.nih.gov/pubmed/10790201	DNA	SSCA-HDA, SEQ	-	-
NM_000252.2:c.1134_1137dupATGG	X:149826371-149826372	dup	-	-	No ExAC data for variant	NA	Pathogenic	11	4 bp ins 1186	r.(?)	p.(Asp380Metfs*17)	MTM1_00150	-	-	germline (inherited)	http://www.ncbi.nlm.nih.gov/pubmed/09829274,http://www.ncbi.nlm.nih.gov/pubmed/15725586	DNA+RNA	RT-PCR, SEQ	-	-
NM_000252.2:c.1137G>A	X:149826377	snp	-	-	No ExAC data for variant	NA	Pathogenic	11	-	r.(?)	p.(Trp379*)	MTM1_00151	-	-	germline (inherited)	http://www.ncbi.nlm.nih.gov/pubmed/10790201	?	?	-	-
NM_000252.2:c.1147_1148insT	X:149826387-149826388	ins	-	-	No ExAC data for variant	NA	Pathogenic	11	-	r.(?)	p.(Ala383Valfs*13)	MTM1_00152	-	-	germline (inherited)	http://www.ncbi.nlm.nih.gov/pubmed/12522554	DNA	SEQ, SSCA	-	-
NM_000252.2:c.1160C>A	X:149826400	snp	-	-	No ExAC data for variant	NA	Pathogenic	11	-	r.(?)	p.(Ser387Tyr)	MTM1_00239	-	0.995	germline (inherited)	http://www.ncbi.nlm.nih.gov/pubmed/19129059	DNA	SEQ	-	-
NM_000252.2:c.1160C>T	X:149826400	snp	-	-	No ExAC data for variant	NA	Pathogenic	11	-	r.(?)	p.(Ser387Phe)	MTM1_00153	not in 100 control chromosomes	0.993	germline (inherited)	http://www.ncbi.nlm.nih.gov/pubmed/15725586	DNA	SEQ	-	-
NM_000252.2:c.1166C>A	X:149826406	snp	-	-	No ExAC data for variant	NA	Pathogenic	11	-	r.(?)	p.(Ala389Asp)	MTM1_00154	conserved residue (C. elegans, hMTMR1, hMTMR2) in PTP domain	0.942	germline (inherited)	http://www.ncbi.nlm.nih.gov/pubmed/12522554	DNA	SEQ, SSCA	-	-
NM_000252.2:c.1172T>C	X:149826412	snp	-	-	No ExAC data for variant	NA	Pathogenic	11	-	r.(?)	p.(Leu391Pro)	MTM1_00155	not in 100 control chromosomes; conserved residue (mouse, Drosophila, hMTMR1)	0.999	germline (inherited)	http://www.ncbi.nlm.nih.gov/pubmed/11793470	DNA	SEQ	-	-
NM_000252.2:c.1190A>G	X:149826430	snp	-	-	No ExAC data for variant	NA	Pathogenic	11	1244A>G W415C	r.(?)	p.(Tyr397Cys)	MTM1_00157	conserved residue (C. elegans and S. cerevisiae); structural effect (hydrophobicity change at buried site).; de novo, in patient	0.913	de novo	http://www.ncbi.nlm.nih.gov/pubmed/1801246,http://www.ncbi.nlm.nih.gov/pubmed/1716143,http://www.omim.org/entry/300415#0002	DNA	SSCA, SEQ	-	-
NM_000252.2:c.1204G>A	X:149826444	snp	-	-	No ExAC data for variant	NA	Pathogenic	11	G1258A	r.(?)	p.(Gly402Arg)	MTM1_00158	conserved residue (yeast or C. elegans); de novo, in mother (grandmaternal allele)	0.999	germline (inherited)	http://www.ncbi.nlm.nih.gov/pubmed/10063835	DNA	SEQ, SSCA	-	-
NM_000252.2:c.1205G>C	X:149826445	snp	-	-	No ExAC data for variant	NA	Pathogenic	11	G1259C	r.(?)	p.(Gly402Ala)	MTM1_00161	conserved residue (C. elegans, yeast)	0.986	germline (inherited)	http://www.ncbi.nlm.nih.gov/pubmed/09305655	DNA	SSCA,  SEQ	-	-
NM_000252.2:c.1205G>T	X:149826445	snp	-	-	No ExAC data for variant	NA	Pathogenic	11	G1259T	r.(?)	p.(Gly402Val)	MTM1_00159	conserved residue (hMTM and S. cerevisiae)	0.997	germline (inherited)	http://www.ncbi.nlm.nih.gov/pubmed/09829274,http://www.ncbi.nlm.nih.gov/pubmed/15725586	RNA+DNA	RT-PCR, SEQ	-	-
NM_000252.2:c.1206delG	X:149826444	del	-	-	No ExAC data for variant	NA	Pathogenic	11	-	r.(?)	p.(Phe403Serfs*10)	MTM1_00160	-	-	germline (inherited)	http://www.ncbi.nlm.nih.gov/pubmed/10790201	?	?	-	-
NM_000252.2:c.1210G>A	X:149826450	snp	A:0,A:0	A	0.000000000	9	Pathogenic	11	1264G-A	r.(?)	p.(Glu404Lys)	MTM1_00162	conserved residue (C. elegans, S. cerevisiae). structural effect (hydrophobicity change at buried site).	0.417	germline (inherited)	http://www.ncbi.nlm.nih.gov/pubmed/09285787	DNA	SSCA,  HA,  SEQ	-	-
NM_000252.2:c.1217T>C	X:149826457	snp	-	-	No ExAC data for variant	NA	Pathogenic	11	1271T-C	r.(?)	p.(Leu406Pro)	MTM1_00163	conserved residue (C. elegans, S. cerevisiae)	0.997	germline (inherited)	http://www.ncbi.nlm.nih.gov/pubmed/09285787	DNA	SSCA,  HA,  SEQ	-	-
NM_000252.2:c.1223A>C	X:149826463	snp	-	-	No ExAC data for variant	NA	Pathogenic	11	-	r.(?)	p.(Gln408Pro)	MTM1_00164	not in 100 control chromosomes	0.433	germline (inherited)	http://www.ncbi.nlm.nih.gov/pubmed/15725586	DNA	SEQ	-	-
NM_000252.2:c.1228G>A	X:149826468	snp	-	-	No ExAC data for variant	NA	Unknown	11	-	r.(?)	p.(Glu410Lys)	MTM1_00165	-	-	germline (inherited)	http://www.ncbi.nlm.nih.gov/SNP/snp_ref.cgi?type=rs&rs=rs17852824	DNA	SEQ	-	-
NM_000252.2:c.1233G>C	X:149826473	snp	-	-	No ExAC data for variant	NA	Pathogenic	11	-	r.(?)	p.(Trp411Cys)	MTM1_00166	-	0.999	germline (inherited)	http://www.ncbi.nlm.nih.gov/pubmed/10790201	?	?	-	-
NM_000252.2:c.1234A>G	X:149826474	snp	-	-	No ExAC data for variant	NA	Pathogenic	11	-	r.1234_1260del	p.Ile412_Ser420del	MTM1_00233	Creates a new donor splice site; not in 200 control subjects	-	germline (inherited)	http://www.ncbi.nlm.nih.gov/pubmed/19084976	DNA, RNA	RT-PCR,  SEQ	-	-
NM_000252.2:c.1241T>C	X:149826481	snp	-	-	No ExAC data for variant	NA	Pathogenic	11	-	r.(?)	p.(Phe414Ser)	MTM1_00167	not in 140 control chromosomes; residue conserved down to yeast	0.988	germline (inherited)	-	DNA	SEQ	-	-
NM_000252.2:c.1244G>T	X:149826484	snp	-	-	No ExAC data for variant	NA	Pathogenic	11	-	r.(?)	p.(Gly415Val)	MTM1_00168	not in 100 control chromosomes	1.000	germline (inherited)	http://www.ncbi.nlm.nih.gov/pubmed/15725586	DNA	SEQ	-	-
NM_000252.2:c.1247A>G	X:149826487	snp	-	-	No ExAC data for variant	NA	Probably pathogenic	11	-	r.(?)	p.(His416Arg)	MTM1_00230	disruption of ligand binding site (catalytic domain); highly conserved amino acid, up to yeast (considering 11 species)	1.000	germline (inherited)	-	DNA	SEQ	-	-
NM_000252.2:c.1254T>C	X:149826494	snp	-	-	No ExAC data for variant	NA	No known pathogenicity	11	-	r.(=)	p.(=)	MTM1_00218	-	-	germline (inherited)	http://www.ncbi.nlm.nih.gov/pubmed/09305655	DNA	SEQ	-	-
NM_000252.2:c.1260+1G>C	X:149826501	snp	-	-	No ExAC data for variant	NA	Pathogenic	11i	G(1314+1)C	r.(spl?)	p.(?)	MTM1_00169	affects donor splice site	-	germline (inherited)	http://www.ncbi.nlm.nih.gov/pubmed/09305655	DNA	SSCA, SEQ	-	-
NM_000252.2:c.1260+3G>A	X:149826503	snp	A:0.5797,A:0.5797	A	0.579700000	0	Mixed reported pathogenicity	11i	-	r.(=)	p.(=)	MTM1_00170	-	-	germline (inherited)	http://www.ncbi.nlm.nih.gov/SNP/snp_ref.cgi?type=rs&rs=rs222410	DNA	SEQ	-	-
NM_000252.2:c.1260+17A>G	X:149826517	snp	G:0.00785,G:0.00785	G	0.007850000	2	No known pathogenicity	11i	-	r.(=)	p.(=)	MTM1_00171	detected in several patients	-	germline (inherited)	http://www.ncbi.nlm.nih.gov/pubmed/1716143	DNA	SEQ	-	-
NM_000252.2:c.1261-10A>G	X:149828127	snp	-	-	No ExAC data for variant	NA	Pathogenic	11i	IVS12-10A-G	r.1260_1261ins1261-9_1261-1	p.Ser420_Arg421insPheIleGln	MTM1_00172	creates a new acceptor splice site	-	germline (inherited)	http://www.ncbi.nlm.nih.gov/pubmed/09285787	DNA, RNA	RT-PCR, SSCA, HA, SEQ	-	-
NM_000252.2:c.1261C>T	X:149828137	snp	-	-	No ExAC data for variant	NA	Pathogenic	12	1315C-T	r.(?)	p.(Arg421*)	MTM1_00173	-	-	germline (inherited)	http://www.ncbi.nlm.nih.gov/pubmed/09285787	DNA	SEQ, SSCA, HA	-	-
NM_000252.2:c.1262G>A	X:149828138	snp	-	-	No ExAC data for variant	NA	Pathogenic	12	1316G-A	r.(?)	p.(Arg421Gln)	MTM1_00174	conserved residue (C. elegans and/or S. cerevisiae R); functional effect (disruption of ligand binding site)	1.000	germline (inherited)	http://www.ncbi.nlm.nih.gov/pubmed/09285787	DNA	SSCA, HA, SEQ	-	-
NM_000252.2:c.1291G>A	X:149828167	snp	-	-	No ExAC data for variant	NA	Pathogenic	12	G1345A	r.(?)	p.(Asp431Asn)	MTM1_00175	-	0.085	germline (inherited)	http://www.ncbi.nlm.nih.gov/pubmed/09305655	DNA	SSCA, SEQ	-	-
NM_000252.2:c.1297G>A	X:149828173	snp	-	-	No ExAC data for variant	NA	Pathogenic	12	G1351A*	r.(?)	p.(Asp433Asn)	MTM1_00227	-	0.808	germline (inherited)	http://www.ncbi.nlm.nih.gov/pubmed/09305655	DNA	SEQ, SSCA	-	-
NM_000252.2:c.1306_1308del	X:149828180-149828182	del	-	-	No ExAC data for variant	NA	Pathogenic	12	c.1304_1306delCTC	r.(?)	p.(Pro436del)	MTM1_00271	-	-	germline (inherited)	http://www.ncbi.nlm.nih.gov/pubmed/17537630	DNA	SEQ	-	-
NM_000252.2:c.1314dupT	X:149828185-149828186	dup	-	-	No ExAC data for variant	NA	Pathogenic	12	c.1314-1315insT	r.(?)	p.(Leu439Serfs*5)	MTM1_00225	-	-	germline (inherited)	http://www.ncbi.nlm.nih.gov/pubmed/17621527	?	?	-	-
NM_000252.2:c.1318C>T	X:149828194	snp	-	-	No ExAC data for variant	NA	Pathogenic	12	-	r.(?)	p.(Gln440*)	MTM1_00242	-	-	germline (inherited)	-	DNA	SEQ	-	-
NM_000252.2:c.1319_1321delinsTA	X:149828195-149828197	delins	-	-	No ExAC data for variant	NA	Pathogenic	12	1319_1321delAGTinsTA	r.(?)	p.(Gln440Leufs*24)	MTM1_00246	-	-	germline (inherited)	-	DNA	SEQ	-	-
NM_000252.2:c.1328_1331del	X:149828200-149828203	del	-	-	No ExAC data for variant	NA	Pathogenic	12	-	r.(?)	p.(Asp443Valfs*20)	MTM1_00275	-	-	germline (inherited)	-	DNA	SEQ	-	-
NM_000252.2:c.1331G>A	X:149828207	snp	-	-	No ExAC data for variant	NA	Pathogenic	12	G1385A	r.(?)	p.(Cys444Tyr)	MTM1_00176	de novo, in patient (maternal allele)	0.996	germline (inherited)	http://www.ncbi.nlm.nih.gov/pubmed/10063835	DNA	SEQ, SSCA-HDA	-	-
NM_000252.2:c.1333_1345del	X:149828206-149828218	del	-	-	No ExAC data for variant	NA	Pathogenic	12	-	r.(?)	p.(Val445Glnfs*15)	MTM1_00177	-	-	germline (inherited)	http://www.ncbi.nlm.nih.gov/pubmed/10502779	DNA	SSCA, SEQ	-	-
NM_000252.2:c.1338G>A	X:149828214	snp	-	-	No ExAC data for variant	NA	Pathogenic	12	G1392A	r.(?)	p.(Trp446*)	MTM1_00178	-	-	germline (inherited)	http://www.ncbi.nlm.nih.gov/pubmed/10063835	DNA	SSCA,  SEQ	-	-
NM_000252.2:c.1346C>G	X:149828222	snp	-	-	No ExAC data for variant	NA	Pathogenic	12	C1400G	r.(?)	p.(Ser449*)	MTM1_00179	-	-	germline (inherited)	http://www.ncbi.nlm.nih.gov/pubmed/10063835	DNA	SSCA-HDA, SEQ	-	-
NM_000252.2:c.1353G>A	X:149828229	snp	-	-	No ExAC data for variant	NA	No known pathogenicity	12	-	r.(=)	p.(=)	MTM1_00219	-	-	germline (inherited)	http://www.ncbi.nlm.nih.gov/pubmed/10790201	DNA	SEQ	-	-
NM_000252.2:c.1353+1G>A	X:149828230	snp	-	-	No ExAC data for variant	NA	Pathogenic	12i	G(1407+1)A	r.(spl?)	p.(?)	MTM1_00181	affects donor splice site	-	germline (inherited)	http://www.ncbi.nlm.nih.gov/pubmed/10063835	DNA	SSCA-HDA, SEQ	-	-
NM_000252.2:c.1353+1G>C	X:149828230	snp	-	-	No ExAC data for variant	NA	Pathogenic	12i	G(1407+1)C	r.(spl?)	p.(?)	MTM1_00180	affects donor splice site	-	germline (inherited)	http://www.ncbi.nlm.nih.gov/pubmed/10063835	DNA	SSCA-HDA, SEQ	-	-
NM_000252.2:c.1354-26_1467+92del	X:149828817-149829048	del	-	-	No ExAC data for variant	NA	Pathogenic	12i_13i	Deletion exon 13; (c.1354-26)-(c.1354+92)	r.(?)	p.(Phe452_Gln489del)	MTM1_00229	-	-	germline (inherited)	http://www.ncbi.nlm.nih.gov/pubmed/11793470	DNA	SEQ	-	-
NM_000252.2:c.1354-1G>A	X:149828843	snp	-	-	No ExAC data for variant	NA	Pathogenic	12i	-	r.(spl?)	p.(?)	MTM1_00182	affects acceptor splice site	-	germline (inherited)	http://www.ncbi.nlm.nih.gov/pubmed/09931531,http://www.ncbi.nlm.nih.gov/pubmed/11793470	DNA	SEQ	-	-
NM_000252.2:c.1369G>A	X:149828859	snp	-	-	No ExAC data for variant	NA	Unknown	13	-	r.(?)	p.(Glu457Lys)	MTM1_00295	conserved residue (up to Baker's yeast)	0.845	unknown	http://genetics.emory.edu/egl/emvclass/emvclass.php	DNA	SEQ	-	-
NM_000252.2:c.1406A>C	X:149828896	snp	-	-	No ExAC data for variant	NA	Pathogenic	13	A1460C	r.(?)	p.(His469Pro)	MTM1_00183	conserved residue (C. elegans, yeast)	0.918	germline (inherited)	http://www.ncbi.nlm.nih.gov/pubmed/09305655	DNA	SSCA,  SEQ	-	-
NM_000252.2:c.1406A>G	X:149828896	snp	-	-	No ExAC data for variant	NA	Pathogenic	13	-	r.(?)	p.(His469Arg)	MTM1_00279	-	0.725	germline (inherited)	http://www.ncbi.nlm.nih.gov/pubmed/17537630	DNA	SEQ	-	-
NM_000252.2:c.1409T>C	X:149828899	snp	-	-	No ExAC data for variant	NA	Pathogenic	13	-	r.(?)	p.(Leu470Pro)	MTM1_00184	conserved residue (hMTMR1 e 2, S. pombe, S. cerevisiae, Drosophila, C. elegans); structural effect (Hydrophobicity change at buried site)	0.999	germline (inherited)	http://www.ncbi.nlm.nih.gov/pubmed/12522554	DNA	SEQ, SSCA	-	-
NM_000252.2:c.1415_1416del	X:149828905-149828906	del	-	-	No ExAC data for variant	NA	Pathogenic	13	1415_1416delGT	r.(?)	p.(Ser472Metfs*11)	MTM1_00296	-	-	unknown	http://genetics.emory.edu/egl/emvclass/emvclass.php	DNA	SEQ	-	-
NM_000252.2:c.1420C>T	X:149828910	snp	-	-	No ExAC data for variant	NA	Pathogenic	13	C1474T*	r.(?)	p.(Arg474*)	MTM1_00185	-	-	germline (inherited)	http://www.ncbi.nlm.nih.gov/pubmed/09305655	DNA	SSCA,  SEQ	-	-
NM_000252.2:c.1433_1436delTCTT	X:149828920-149828923	del	-	-	No ExAC data for variant	NA	Pathogenic	13	4 bp del 14811487	r.(?)	p.(Phe478Tyrfs*23)	MTM1_00188	-	-	germline (inherited)	http://www.ncbi.nlm.nih.gov/pubmed/09829274,http://www.ncbi.nlm.nih.gov/pubmed/15725586	DNA+RNA	RT-PCR, SEQ	-	-
NM_000252.2:c.1434_1436delCTT	X:149828922-149828924	del	-	-	No ExAC data for variant	NA	Pathogenic	13	c.1432-1434delAAG	r.(?)	p.(Phe478del)	MTM1_00186	Genetic test performed in patient´s sister; conserved residue (hMTMR1/2, Drosophila, C. elegans and yeast)	-	germline (inherited)	http://www.ncbi.nlm.nih.gov/pubmed/12522554	DNA	SEQ, SSCA	-	-
NM_000252.2:c.1441A>T	X:149828931	snp	-	-	No ExAC data for variant	NA	Pathogenic	13	-	r.(?)	p.(Asn481Tyr)	MTM1_00189	conserved residue (Drosophila, C. elegans, S. pombe, S. cerevisiae, hMTMR1, hMTMR2)	0.995	germline (inherited)	http://www.ncbi.nlm.nih.gov/pubmed/12522554	DNA	SEQ, SSCA	-	-
NM_000252.2:c.1449delA	X:149828938	del	-	-	No ExAC data for variant	NA	Pathogenic	13	1503delA	r.(?)	p.(Glu483Aspfs*19)	MTM1_00191	-	-	germline (inherited)	http://www.ncbi.nlm.nih.gov/pubmed/10063835	DNA	SSCA-HDA, SEQ	-	-
NM_000252.2:c.1456C>T	X:149828946	snp	-	-	No ExAC data for variant	NA	Pathogenic	13	C1510T	r.(?)	p.(Arg486*)	MTM1_00190	-	-	germline (inherited)	http://www.ncbi.nlm.nih.gov/pubmed/10063835	DNA	SSCA,  SEQ	-	-
NM_000252.2:c.1464_1467delACAG	X:149828952-149828955	del	-	-	No ExAC data for variant	NA	Pathogenic	13	-	r.(?)	p.(Gln489Argfs*12)	MTM1_00192	-	-	germline (inherited)	http://www.ncbi.nlm.nih.gov/pubmed/10502779	DNA	SSCA, SEQ	-	-
NM_000252.2:c.1467+1delG	X:149828957	del	-	-	No ExAC data for variant	NA	Pathogenic	13i	c.1467delG	r.(spl?)	p.(?)	MTM1_00265	affects donor splice site	-	germline (inherited)	http://www.ncbi.nlm.nih.gov/pubmed/17537630	DNA	SEQ	-	-
NM_000252.2:c.1467+1G>A	X:149828958	snp	-	-	No ExAC data for variant	NA	Pathogenic	13i	-	r.(spl?)	p.(?)	MTM1_00193	affects donor splice site	-	germline (inherited)	http://www.ncbi.nlm.nih.gov/pubmed/11793470	DNA+RNA	RT-PCR?, SEQ	-	-
NM_000252.2:c.1467+1G>T	X:149828958	snp	-	-	No ExAC data for variant	NA	Pathogenic	13i	-	r.(spl?)	p.(?)	MTM1_00283	affects donor splice site	-	germline (inherited)	http://www.ncbi.nlm.nih.gov/pubmed/22435031	DNA	SEQ	-	-
NM_000252.2:c.1467+5G>A	X:149828962	snp	-	-	No ExAC data for variant	NA	Pathogenic	13i	-	r.1468_1644del	p.Lys490_Gln548del	MTM1_00194	-	-	germline (inherited)	http://www.ncbi.nlm.nih.gov/pubmed/15725586	DNA+RNA	RT-PCR, SEQ	-	-
NM_000252.2:c.1492T>C	X:149831930	snp	-	-	No ExAC data for variant	NA	Unknown	14	-	r.(=)	p.(=)	MTM1_00195	-	-	germline (inherited)	http://www.ncbi.nlm.nih.gov/SNP/snp_ref.cgi?type=rs&rs=rs1049505	DNA	SEQ	-	-
NM_000252.2:c.1493T>A	X:149831931	snp	C:1.206e-05	A	No relevant ExAC data	NA	Pathogenic	14	-	r.(?)	p.(Leu498*)	MTM1_00226	random inactivation of X chromosomes	-	germline (inherited)	http://www.ncbi.nlm.nih.gov/pubmed/17251023	DNA	SEQ	-	-
NM_000252.2:c.1495T>C	X:149831933	snp	-	-	No ExAC data for variant	NA	Pathogenic	14	T1549C	r.(?)	p.(Trp499Arg)	MTM1_00196	-	1.000	germline (inherited)	http://www.ncbi.nlm.nih.gov/pubmed/09285787	DNA	SSCA, HA, SEQ	-	-
NM_000252.2:c.1509_1510del	X:149831946-149831947	del	-	-	No ExAC data for variant	NA	Pathogenic	14	1508_1509delAC	r.(?)	p.(Asn503Lysfs*2)	MTM1_00261	-	-	germline (inherited)	-	DNA	SEQ	-	-
NM_000252.2:c.1519_1522del	X:149831954-149831957	del	-	-	No ExAC data for variant	NA	Pathogenic	14	-	r.(?)	p.(Glu507Asnfs*28)	MTM1_00245	-	-	germline (inherited)	-	DNA	SEQ	-	-
NM_000252.2:c.1530_1541del	X:149831967-149831978	del	-	-	No ExAC data for variant	NA	Pathogenic	14	-	r.(?)	p.(Lys510_Tyr514delinsAsn)	MTM1_00197	-	-	germline (inherited)	http://www.ncbi.nlm.nih.gov/pubmed/10502779	DNA	SSCA, SEQ	-	-
NM_000252.2:c.1549G>T	X:149831987	snp	-	-	No ExAC data for variant	NA	Pathogenic	14	-	r.(?)	p.(Glu517*)	MTM1_00198	-	-	germline (inherited)	http://www.ncbi.nlm.nih.gov/pubmed/10790201	?	?	-	-
NM_000252.2:c.1558C>T	X:149831996	snp	-	-	No ExAC data for variant	NA	Pathogenic	14	-	r.(?)	p.(Arg520*)	MTM1_00199	-	-	germline (inherited)	http://www.ncbi.nlm.nih.gov/pubmed/10790201	?	?	-	-
NM_000252.2:c.1569T>A	X:149832007	snp	-	-	No ExAC data for variant	NA	Pathogenic	14	-	r.(?)	p.(Tyr523*)	MTM1_00200	-	-	germline (inherited)	http://www.ncbi.nlm.nih.gov/pubmed/12522554	DNA	SEQ	-	-
NM_000252.2:c.1578dupC	X:149832014-149832015	dup	-	-	No ExAC data for variant	NA	Pathogenic	14	c.1578-1579insC	r.(?)	p.(Ser527Glnfs*14)	MTM1_00201	-	-	germline (inherited)	http://www.ncbi.nlm.nih.gov/pubmed/10502779	DNA	SSCA, SEQ	-	-
NM_000252.2:c.1594delG	X:149832031	del	-	-	No ExAC data for variant	NA	Pathogenic	14	1648delG	r.(?)	p.(Glu532Asnfs*4)	MTM1_00202	-	-	germline (inherited)	http://www.ncbi.nlm.nih.gov/pubmed/10063835	DNA	SSCA-HDA, SEQ	-	-
NM_000252.2:c.1600T>C	X:149832038	snp	-	-	No ExAC data for variant	NA	Probably pathogenic	14	-	r.(?)	p.(Trp534Arg)	MTM1_00258	Trp is conserved down to baker's yeast	1.000	germline (inherited)	-	DNA	SEQ	-	-
NM_000252.2:c.1611C>G	X:149832049	snp	-	-	No ExAC data for variant	NA	Pathogenic	14	-	r.(?)	p.(Tyr537*)	MTM1_00203	-	-	germline (inherited)	http://www.ncbi.nlm.nih.gov/pubmed/12522554	DNA	SEQ, SSCA	-	-
NM_000252.2:c.1644+1dupG	X:149832082-149832083	dup	-	-	No ExAC data for variant	NA	Pathogenic	14i	(1644+2)insG	r.(spl?)	p.(?)	MTM1_00204	affects donor splice site	-	germline (inherited)	http://www.ncbi.nlm.nih.gov/pubmed/12031625	DNA	DHPLC, SEQ	-	-
NM_000252.2:c.1644+1G>T	X:149832083	snp	-	-	No ExAC data for variant	NA	Unknown	14i	-	r.(spl?)	p.(?)	MTM1_00288	affects donor splice site ?	-	unknown	http://genetics.emory.edu/egl/emvclass/emvclass.php	DNA	SEQ	-	-
NM_000252.2:c.1644+3_1644+6delAAGT	X:149832081-149832084	del	-	-	No ExAC data for variant	NA	Pathogenic	14i	(1698+3)delAAGT	r.(spl?)	p.(?)	MTM1_00205	affects donor splice site; de novo, in patient (maternal allele)	-	germline (inherited)	http://www.ncbi.nlm.nih.gov/pubmed/10063835	DNA	SSCA-HDA, SEQ	-	-
NM_000252.2:c.1644+8_1644+11delAAGT	X:149832090-149832093	del	-	-	No ExAC data for variant	NA	Pathogenic	14i	c.(1664+8)(1644+11)delAAGT	r.(spl?)	p.(?)	MTM1_00206	affects donor splice site	-	germline (inherited)	http://www.ncbi.nlm.nih.gov/pubmed/12522554	DNA	SEQ, SSCA	-	-
NM_000252.2:c.1701C>T	X:149839957	snp	T:0.0009144,T:0.0009144	T	0.000914400	3	Probably not pathogenic	15	1755C>T	r.(?)	p.(=)	MTM1_00208	-	-	germline (inherited)	http://www.ncbi.nlm.nih.gov/pubmed/08640223	DNA	SEQ, SSCA	-	-
NM_000252.2:c.1702A>G	X:149839958	snp	G:3.429e-05,G:3.429e-05	G	0.000034290	4	Probably not pathogenic	15	-	r.(?)	p.(Ile568Val)	MTM1_00220	-	0.023	germline (inherited)	http://www.ncbi.nlm.nih.gov/pubmed/11793470	DNA	SEQ	-	-
NM_000252.2:c.1792delC	X:149840045	del	-	-	No ExAC data for variant	NA	Pathogenic	15	c.1789delC	r.(?)	p.(His598Metfs*23)	MTM1_00210	-	-	germline (inherited)	http://www.ncbi.nlm.nih.gov/pubmed/09931531,http://www.ncbi.nlm.nih.gov/pubmed/11793470	DNA	SEQ	-	-
NM_000252.2:c.1792dupC	X:149840044-149840045	dup	-	-	No ExAC data for variant	NA	Unknown	15	-	r.(?)	p.(His598Profs*31)	MTM1_00209	-	-	germline (inherited)	http://www.ncbi.nlm.nih.gov/SNP/snp_ref.cgi?type=rs&rs=rs34119065	DNA	SEQ	-	-
